<?xml version="1.0" encoding="UTF-8"?>
<!-- Generated by org.testng.reporters.JUnitXMLReporter -->
<testsuite ignored="0" hostname="RanjanKavin" failures="1" tests="1" name="Test" time="0.128" errors="0" timestamp="2026-03-01T15:27:34 IST">
  <testcase classname="testNgBasic.DataProvider" name="login" time="0.0">
    <failure type="org.testng.TestNGException" message="
Method public void testNgBasic.DataProvider.login(java.lang.String[]) throws java.lang.InterruptedException requires a @DataProvider named : getData in class utils.DataUtils">
      <![CDATA[org.testng.TestNGException: 
Method public void testNgBasic.DataProvider.login(java.lang.String[]) throws java.lang.InterruptedException requires a @DataProvider named : getData in class utils.DataUtils
at java.base/java.util.ArrayList.forEach(ArrayList.java:1596)
... Removed 24 stack frames]]>
    </failure>
  </testcase> <!-- login -->
</testsuite> <!-- Test -->
