<?xml version="1.0" encoding="UTF-8"?>
<!-- Generated by org.testng.reporters.JUnitReportReporter -->
<testsuite hostname="RanjanKavin" failures="0" tests="3" name="testNgBasic.DataProvider" time="58.040" errors="0" timestamp="2026-03-01T15:31:30 IST" skipped="0">
  <testcase classname="testNgBasic.DataProvider" name="login" time="17.338"/>
  <testcase classname="testNgBasic.DataProvider" name="login" time="17.773"/>
  <testcase classname="testNgBasic.DataProvider" name="login" time="22.929"/>
</testsuite> <!-- testNgBasic.DataProvider -->
