<?xml version="1.0" encoding="UTF-8"?>
<!-- Generated by org.testng.reporters.JUnitReportReporter -->
<testsuite hostname="RanjanKavin" failures="0" tests="5" name="testNgBasic.LearnAttributes" time="0.134" errors="0" timestamp="2026-02-25T17:30:10 IST" skipped="0">
  <testcase classname="testNgBasic.LearnAttributes" name="searchProduct" time="0.111"/>
  <testcase classname="testNgBasic.LearnAttributes" name="singUp" time="0.006"/>
  <testcase classname="testNgBasic.LearnAttributes" name="addToCart" time="0.008"/>
  <testcase classname="testNgBasic.LearnAttributes" name="login" time="0.003"/>
  <testcase classname="testNgBasic.LearnAttributes" name="signOut" time="0.006"/>
</testsuite> <!-- testNgBasic.LearnAttributes -->
