<?xml version="1.0" encoding="UTF-8"?>
<!-- Generated by org.testng.reporters.JUnitReportReporter -->
<testsuite hostname="RanjanKavin" failures="0" tests="2" name="testNgBasic.LearnAttributes2" time="0.026" errors="0" timestamp="2026-02-26T13:35:23 IST" skipped="1">
  <testcase classname="testNgBasic.LearnAttributes2" name="login" time="0.026"/>
  <testcase classname="testNgBasic.LearnAttributes2" name="singUp">
    <skipped/>
  </testcase> <!-- singUp -->
</testsuite> <!-- testNgBasic.LearnAttributes2 -->
